This is pdfTeX, Version 3.14159265-2.6-1.40.20 (TeX Live 2019/W32TeX) (preloaded format=pdflatex 2020.2.18)  16 APR 2020 12:11
entering extended mode
 restricted \write18 enabled.
 file:line:error style messages enabled.
 %&-line parsing enabled.
**d:/litharge3141.github.io/blog_pdf/markov_chain/markovchain.tex
(d:/litharge3141.github.io/blog_pdf/markov_chain/markovchain.tex
LaTeX2e <2020-02-02> patch level 2
L3 programming layer <2020-02-14> (c:/texlive/2019/texmf-dist/tex/platex/jsclasses/jsarticle.cls

c:/texlive/2019/texmf-dist/tex/platex/jsclasses/jsarticle.cls:26: LaTeX Error: This file needs format `pLaTeX2e'
               but this is `LaTeX2e'.

See the LaTeX manual or LaTeX Companion for explanation.
Type  H <return>  for immediate help.
 ...                                              
                                                  
l.26 \NeedsTeXFormat{pLaTeX2e}
                              
The current input file will not be processed further,
because it was written for some other flavor of TeX.
You're in trouble here.  Try typing  <return>  to proceed.
If that doesn't work, type  X <return>  to quit.

) (c:/texlive/2019/texmf-dist/tex/latex/base/inputenc.sty
Package: inputenc 2018/08/11 v1.3c Input encoding file
\inpenc@prehook=\toks14
\inpenc@posthook=\toks15
) (c:/texlive/2019/texmf-dist/tex/latex/amsmath/amsmath.sty
Package: amsmath 2020/01/20 v2.17e AMS math features
\@mathmargin=\skip47

For additional information on amsmath, use the `?' option.
(c:/texlive/2019/texmf-dist/tex/latex/amsmath/amstext.sty
Package: amstext 2000/06/29 v2.01 AMS text
 (c:/texlive/2019/texmf-dist/tex/latex/amsmath/amsgen.sty
File: amsgen.sty 1999/11/30 v2.0 generic functions
\@emptytoks=\toks16
\ex@=\dimen134
)) (c:/texlive/2019/texmf-dist/tex/latex/amsmath/amsbsy.sty
Package: amsbsy 1999/11/29 v1.2d Bold Symbols
\pmbraise@=\dimen135
) (c:/texlive/2019/texmf-dist/tex/latex/amsmath/amsopn.sty
Package: amsopn 2016/03/08 v2.02 operator names
)
\inf@bad=\count167
LaTeX Info: Redefining \frac on input line 227.
\uproot@=\count168
\leftroot@=\count169
LaTeX Info: Redefining \overline on input line 389.
\classnum@=\count170
\DOTSCASE@=\count171
LaTeX Info: Redefining \ldots on input line 486.
LaTeX Info: Redefining \dots on input line 489.
LaTeX Info: Redefining \cdots on input line 610.
\Mathstrutbox@=\box45
\strutbox@=\box46
\big@size=\dimen136
LaTeX Font Info:    Redeclaring font encoding OML on input line 733.
LaTeX Font Info:    Redeclaring font encoding OMS on input line 734.
\macc@depth=\count172
\c@MaxMatrixCols=\count173
\dotsspace@=\muskip16
\c@parentequation=\count174
\dspbrk@lvl=\count175
\tag@help=\toks17
\row@=\count176
\column@=\count177
\maxfields@=\count178
\andhelp@=\toks18
\eqnshift@=\dimen137
\alignsep@=\dimen138
\tagshift@=\dimen139
\tagwidth@=\dimen140
\totwidth@=\dimen141
\lineht@=\dimen142
\@envbody=\toks19
\multlinegap=\skip48
\multlinetaggap=\skip49
\mathdisplay@stack=\toks20
LaTeX Info: Redefining \[ on input line 2859.
LaTeX Info: Redefining \] on input line 2860.
) (c:/texlive/2019/texmf-dist/tex/latex/amscls/amsthm.sty
Package: amsthm 2017/10/31 v2.20.4
\thm@style=\toks21
\thm@bodyfont=\toks22
\thm@headfont=\toks23
\thm@notefont=\toks24
\thm@headpunct=\toks25
\thm@preskip=\skip50
\thm@postskip=\skip51
\thm@headsep=\skip52
\dth@everypar=\toks26
) (c:/texlive/2019/texmf-dist/tex/latex/amsfonts/amssymb.sty
Package: amssymb 2013/01/14 v3.01 AMS font symbols
 (c:/texlive/2019/texmf-dist/tex/latex/amsfonts/amsfonts.sty
Package: amsfonts 2013/01/14 v3.01 Basic AMSFonts support
\symAMSa=\mathgroup4
\symAMSb=\mathgroup5
LaTeX Font Info:    Redeclaring math symbol \hbar on input line 98.
LaTeX Font Info:    Overwriting math alphabet `\mathfrak' in version `bold'
(Font)                  U/euf/m/n --> U/euf/b/n on input line 106.
)) (c:/texlive/2019/texmf-dist/tex/latex/mathtools/mathtools.sty
Package: mathtools 2020/01/17 v1.23 mathematical typesetting tools
 (c:/texlive/2019/texmf-dist/tex/latex/graphics/keyval.sty
Package: keyval 2014/10/28 v1.15 key=value parser (DPC)
\KV@toks@=\toks27
) (c:/texlive/2019/texmf-dist/tex/latex/tools/calc.sty
Package: calc 2017/05/25 v4.3 Infix arithmetic (KKT,FJ)
\calc@Acount=\count179
\calc@Bcount=\count180
\calc@Adimen=\dimen143
\calc@Bdimen=\dimen144
\calc@Askip=\skip53
\calc@Bskip=\skip54
LaTeX Info: Redefining \setlength on input line 80.
LaTeX Info: Redefining \addtolength on input line 81.
\calc@Ccount=\count181
\calc@Cskip=\skip55
) (c:/texlive/2019/texmf-dist/tex/latex/mathtools/mhsetup.sty
Package: mhsetup 2017/03/31 v1.3 programming setup (MH)
)
LaTeX Info: Thecontrolsequence`\('isalreadyrobust on input line 129.
LaTeX Info: Thecontrolsequence`\)'isalreadyrobust on input line 129.
LaTeX Info: Thecontrolsequence`\['isalreadyrobust on input line 129.
LaTeX Info: Thecontrolsequence`\]'isalreadyrobust on input line 129.
\g_MT_multlinerow_int=\count182
\l_MT_multwidth_dim=\dimen145
\origjot=\skip56
\l_MT_shortvdotswithinadjustabove_dim=\dimen146
\l_MT_shortvdotswithinadjustbelow_dim=\dimen147
\l_MT_above_intertext_sep=\dimen148
\l_MT_below_intertext_sep=\dimen149
\l_MT_above_shortintertext_sep=\dimen150
\l_MT_below_shortintertext_sep=\dimen151
) (c:/texlive/2019/texmf-dist/tex/latex/graphics/graphicx.sty
Package: graphicx 2019/11/30 v1.2a Enhanced LaTeX Graphics (DPC,SPQR)
 (c:/texlive/2019/texmf-dist/tex/latex/graphics/graphics.sty
Package: graphics 2019/11/30 v1.4a Standard LaTeX Graphics (DPC,SPQR)
 (c:/texlive/2019/texmf-dist/tex/latex/graphics/trig.sty
Package: trig 2016/01/03 v1.10 sin cos tan (DPC)
) (c:/texlive/2019/texmf-dist/tex/latex/graphics-cfg/graphics.cfg
File: graphics.cfg 2016/06/04 v1.11 sample graphics configuration
)
Package graphics Info: Driver file: dvipdfmx.def on input line 105.
 (c:/texlive/2019/texmf-dist/tex/latex/graphics-def/dvipdfmx.def
File: dvipdfmx.def 2017/06/24 v5.0g Graphics/color driver for dvipdfmx
))
\Gin@req@height=\dimen152
\Gin@req@width=\dimen153
)
\c@theorem=\count183


d:/litharge3141.github.io/blog_pdf/markov_chain/markovchain.tex:12: LaTeX Error: No counter 'section' defined.

See the LaTeX manual or LaTeX Companion for explanation.
Type  H <return>  for immediate help.
 ...                                              
                                                  
l.12 \newtheorem{theorem}{Theorem}[section]
                                           
Your command was ignored.
Type  I <command> <return>  to replace it with another command,
or  <return>  to continue without it.

\c@corollary=\count184
\c@definition=\count185

d:/litharge3141.github.io/blog_pdf/markov_chain/markovchain.tex:20: LaTeX Error: No counter 'section' defined.

See the LaTeX manual or LaTeX Companion for explanation.
Type  H <return>  for immediate help.
 ...                                              
                                                  
l.20 \newtheorem{definition}{Definition}[section]
                                                 
Your command was ignored.
Type  I <command> <return>  to replace it with another command,
or  <return>  to continue without it.


d:/litharge3141.github.io/blog_pdf/markov_chain/markovchain.tex:22: LaTeX Error: Command \labelenumi undefined.

See the LaTeX manual or LaTeX Companion for explanation.
Type  H <return>  for immediate help.
 ...                                              
                                                  
l.22 \renewcommand{\labelenumi}
                               {(\arabic{enumi})}
Try typing  <return>  to proceed.
If that doesn't work, type  X <return>  to quit.


d:/litharge3141.github.io/blog_pdf/markov_chain/markovchain.tex:23: LaTeX Error: Command \labelenumii undefined.

See the LaTeX manual or LaTeX Companion for explanation.
Type  H <return>  for immediate help.
 ...                                              
                                                  
l.23 \renewcommand{\labelenumii}
                                {(\alph{enumii}}
Try typing  <return>  to proceed.
If that doesn't work, type  X <return>  to quit.

(c:/texlive/2019/texmf-dist/tex/latex/l3backend/l3backend-pdfmode.def
File: l3backend-pdfmode.def 2020-02-03 L3 backend support: PDF mode
\l__kernel_color_stack_int=\count186
\l__pdf_internal_box=\box47
) (d:\litharge3141.github.io\blog_pdf\markov_chain/markovchain.aux)
\openout1 = `markovchain.aux'.

LaTeX Font Info:    Checking defaults for OML/cmm/m/it on input line 29.
LaTeX Font Info:    ... okay on input line 29.
LaTeX Font Info:    Checking defaults for OMS/cmsy/m/n on input line 29.
LaTeX Font Info:    ... okay on input line 29.
LaTeX Font Info:    Checking defaults for OT1/cmr/m/n on input line 29.
LaTeX Font Info:    ... okay on input line 29.
LaTeX Font Info:    Checking defaults for T1/cmr/m/n on input line 29.
LaTeX Font Info:    ... okay on input line 29.
LaTeX Font Info:    Checking defaults for TS1/cmr/m/n on input line 29.
LaTeX Font Info:    ... okay on input line 29.
LaTeX Font Info:    Checking defaults for OMX/cmex/m/n on input line 29.
LaTeX Font Info:    ... okay on input line 29.
LaTeX Font Info:    Checking defaults for U/cmr/m/n on input line 29.
LaTeX Font Info:    ... okay on input line 29.


d:/litharge3141.github.io/blog_pdf/markov_chain/markovchain.tex:29: LaTeX Error: The font size command \normalsize is not defined:
               there is probably something wrong with the class file.

See the LaTeX manual or LaTeX Companion for explanation.
Type  H <return>  for immediate help.
 ...                                              
                                                  
l.29 \begin{document}
                     
Your command was ignored.
Type  I <command> <return>  to replace it with another command,
or  <return>  to continue without it.

d:/litharge3141.github.io/blog_pdf/markov_chain/markovchain.tex:34: Undefined control sequence.
l.34 \maketitle
               
The control sequence at the end of the top line
of your error message was never \def'ed. If you have
misspelled it (e.g., `\hobx'), type `I' and the correct
spelling (e.g., `I\hbox'). Otherwise just continue,
and I'll forget about whatever was undefined.

d:/litharge3141.github.io/blog_pdf/markov_chain/markovchain.tex:36: Undefined control sequence.
l.36 \section
             {}
The control sequence at the end of the top line
of your error message was never \def'ed. If you have
misspelled it (e.g., `\hobx'), type `I' and the correct
spelling (e.g., `I\hbox'). Otherwise just continue,
and I'll forget about whatever was undefined.


d:/litharge3141.github.io/blog_pdf/markov_chain/markovchain.tex:37: Package inputenc Error: Unicode character æœ‰ (U+6709)
(inputenc)                not set up for use with LaTeX.

See the inputenc package documentation for explanation.
Type  H <return>  for immediate help.
 ...                                              
                                                  
l.37 æœ‰
        é™ãªã„ã—é«˜ã€…å¯ç®—ã®çŠ¶æ…‹ç©ºé–“ã‚’æŒã¡ï¼Œã‹ã¤é›¢æ•£çš„ã...
You may provide a definition with
\DeclareUnicodeCharacter 


d:/litharge3141.github.io/blog_pdf/markov_chain/markovchain.tex:37: Package inputenc Error: Unicode character é™ (U+9650)
(inputenc)                not set up for use with LaTeX.

See the inputenc package documentation for explanation.
Type  H <return>  for immediate help.
 ...                                              
                                                  
l.37 æœ‰é™
           ãªã„ã—é«˜ã€…å¯ç®—ã®çŠ¶æ…‹ç©ºé–“ã‚’æŒã¡ï¼Œã‹ã¤é›¢æ•£çš„ã...
You may provide a definition with
\DeclareUnicodeCharacter 


d:/litharge3141.github.io/blog_pdf/markov_chain/markovchain.tex:37: Package inputenc Error: Unicode character ãª (U+306A)
(inputenc)                not set up for use with LaTeX.

See the inputenc package documentation for explanation.
Type  H <return>  for immediate help.
 ...                                              
                                                  
l.37 æœ‰é™ãª
              ã„ã—é«˜ã€…å¯ç®—ã®çŠ¶æ…‹ç©ºé–“ã‚’æŒã¡ï¼Œã‹ã¤é›¢æ•£çš„ã...
You may provide a definition with
\DeclareUnicodeCharacter 


d:/litharge3141.github.io/blog_pdf/markov_chain/markovchain.tex:37: Package inputenc Error: Unicode character ã„ (U+3044)
(inputenc)                not set up for use with LaTeX.

See the inputenc package documentation for explanation.
Type  H <return>  for immediate help.
 ...                                              
                                                  
l.37 æœ‰é™ãªã„
                 ã—é«˜ã€…å¯ç®—ã®çŠ¶æ…‹ç©ºé–“ã‚’æŒã¡ï¼Œã‹ã¤é›¢æ•£çš„ã...
You may provide a definition with
\DeclareUnicodeCharacter 


d:/litharge3141.github.io/blog_pdf/markov_chain/markovchain.tex:37: Package inputenc Error: Unicode character ã— (U+3057)
(inputenc)                not set up for use with LaTeX.

See the inputenc package documentation for explanation.
Type  H <return>  for immediate help.
 ...                                              
                                                  
l.37 æœ‰é™ãªã„ã—
                    é«˜ã€…å¯ç®—ã®çŠ¶æ…‹ç©ºé–“ã‚’æŒã¡ï¼Œã‹ã¤é›¢æ•£çš„ã...
You may provide a definition with
\DeclareUnicodeCharacter 


d:/litharge3141.github.io/blog_pdf/markov_chain/markovchain.tex:37: Package inputenc Error: Unicode character é«˜ (U+9AD8)
(inputenc)                not set up for use with LaTeX.

See the inputenc package documentation for explanation.
Type  H <return>  for immediate help.
 ...                                              
                                                  
l.37 æœ‰é™ãªã„ã—é«˜
                       ã€…å¯ç®—ã®çŠ¶æ…‹ç©ºé–“ã‚’æŒã¡ï¼Œã‹ã¤é›¢æ•£çš„ã...
You may provide a definition with
\DeclareUnicodeCharacter 


d:/litharge3141.github.io/blog_pdf/markov_chain/markovchain.tex:37: Package inputenc Error: Unicode character ã€… (U+3005)
(inputenc)                not set up for use with LaTeX.

See the inputenc package documentation for explanation.
Type  H <return>  for immediate help.
 ...                                              
                                                  
l.37 æœ‰é™ãªã„ã—é«˜ã€…
                          å¯ç®—ã®çŠ¶æ…‹ç©ºé–“ã‚’æŒã¡ï¼Œã‹ã¤é›¢æ•£çš„ã...
You may provide a definition with
\DeclareUnicodeCharacter 


d:/litharge3141.github.io/blog_pdf/markov_chain/markovchain.tex:37: Package inputenc Error: Unicode character å¯ (U+53EF)
(inputenc)                not set up for use with LaTeX.

See the inputenc package documentation for explanation.
Type  H <return>  for immediate help.
 ...                                              
                                                  
l.37 æœ‰é™ãªã„ã—é«˜ã€…å¯
                             ç®—ã®çŠ¶æ…‹ç©ºé–“ã‚’æŒã¡ï¼Œã‹ã¤é›¢æ•£çš„ã...
You may provide a definition with
\DeclareUnicodeCharacter 


d:/litharge3141.github.io/blog_pdf/markov_chain/markovchain.tex:37: Package inputenc Error: Unicode character ç®— (U+7B97)
(inputenc)                not set up for use with LaTeX.

See the inputenc package documentation for explanation.
Type  H <return>  for immediate help.
 ...                                              
                                                  
l.37 æœ‰é™ãªã„ã—é«˜ã€…å¯ç®—
                                ã®çŠ¶æ…‹ç©ºé–“ã‚’æŒã¡ï¼Œã‹ã¤é›¢æ•£çš„ã...
You may provide a definition with
\DeclareUnicodeCharacter 


d:/litharge3141.github.io/blog_pdf/markov_chain/markovchain.tex:37: Package inputenc Error: Unicode character ã® (U+306E)
(inputenc)                not set up for use with LaTeX.

See the inputenc package documentation for explanation.
Type  H <return>  for immediate help.
 ...                                              
                                                  
l.37 æœ‰é™ãªã„ã—é«˜ã€…å¯ç®—ã®
                                   çŠ¶æ…‹ç©ºé–“ã‚’æŒã¡ï¼Œã‹ã¤é›¢æ•£çš„ã...
You may provide a definition with
\DeclareUnicodeCharacter 


d:/litharge3141.github.io/blog_pdf/markov_chain/markovchain.tex:37: Package inputenc Error: Unicode character çŠ¶ (U+72B6)
(inputenc)                not set up for use with LaTeX.

See the inputenc package documentation for explanation.
Type  H <return>  for immediate help.
 ...                                              
                                                  
l.37 æœ‰é™ãªã„ã—é«˜ã€…å¯ç®—ã®çŠ¶
                                      æ…‹ç©ºé–“ã‚’æŒã¡ï¼Œã‹ã¤é›¢æ•£çš„ã...
You may provide a definition with
\DeclareUnicodeCharacter 


d:/litharge3141.github.io/blog_pdf/markov_chain/markovchain.tex:37: Package inputenc Error: Unicode character æ…‹ (U+614B)
(inputenc)                not set up for use with LaTeX.

See the inputenc package documentation for explanation.
Type  H <return>  for immediate help.
 ...                                              
                                                  
l.37 æœ‰é™ãªã„ã—é«˜ã€…å¯ç®—ã®çŠ¶æ…‹
                                         ç©ºé–“ã‚’æŒã¡ï¼Œã‹ã¤é›¢æ•£çš„ã...
You may provide a definition with
\DeclareUnicodeCharacter 


d:/litharge3141.github.io/blog_pdf/markov_chain/markovchain.tex:37: Package inputenc Error: Unicode character ç©º (U+7A7A)
(inputenc)                not set up for use with LaTeX.

See the inputenc package documentation for explanation.
Type  H <return>  for immediate help.
 ...                                              
                                                  
l.37 æœ‰é™ãªã„ã—é«˜ã€…å¯ç®—ã®çŠ¶æ…‹ç©º
                                            é–“ã‚’æŒã¡ï¼Œã‹ã¤é›¢æ•£çš„ã...
You may provide a definition with
\DeclareUnicodeCharacter 


d:/litharge3141.github.io/blog_pdf/markov_chain/markovchain.tex:37: Package inputenc Error: Unicode character é–“ (U+9593)
(inputenc)                not set up for use with LaTeX.

See the inputenc package documentation for explanation.
Type  H <return>  for immediate help.
 ...                                              
                                                  
l.37 æœ‰é™ãªã„ã—é«˜ã€…å¯ç®—ã®çŠ¶æ…‹ç©ºé–“
                                               ã‚’æŒã¡ï¼Œã‹ã¤é›¢æ•£çš„ã...
You may provide a definition with
\DeclareUnicodeCharacter 


d:/litharge3141.github.io/blog_pdf/markov_chain/markovchain.tex:37: Package inputenc Error: Unicode character ã‚’ (U+3092)
(inputenc)                not set up for use with LaTeX.

See the inputenc package documentation for explanation.
Type  H <return>  for immediate help.
 ...                                              
                                                  
l.37 æœ‰é™ãªã„ã—é«˜ã€…å¯ç®—ã®çŠ¶æ…‹ç©ºé–“ã‚’
                                                  æŒã¡ï¼Œã‹ã¤é›¢æ•£çš„ã...
You may provide a definition with
\DeclareUnicodeCharacter 


d:/litharge3141.github.io/blog_pdf/markov_chain/markovchain.tex:37: Package inputenc Error: Unicode character æŒ (U+6301)
(inputenc)                not set up for use with LaTeX.

See the inputenc package documentation for explanation.
Type  H <return>  for immediate help.
 ...                                              
                                                  
l.37 ...ãªã„ã—é«˜ã€…å¯ç®—ã®çŠ¶æ…‹ç©ºé–“ã‚’æŒ
                                                  ã¡ï¼Œã‹ã¤é›¢æ•£çš„ã¨ã...
You may provide a definition with
\DeclareUnicodeCharacter 


d:/litharge3141.github.io/blog_pdf/markov_chain/markovchain.tex:37: Package inputenc Error: Unicode character ã¡ (U+3061)
(inputenc)                not set up for use with LaTeX.

See the inputenc package documentation for explanation.
Type  H <return>  for immediate help.
 ...                                              
                                                  
l.37 ...ã„ã—é«˜ã€…å¯ç®—ã®çŠ¶æ…‹ç©ºé–“ã‚’æŒã¡
                                                  ï¼Œã‹ã¤é›¢æ•£çš„ã¨ã„ã...
You may provide a definition with
\DeclareUnicodeCharacter 


d:/litharge3141.github.io/blog_pdf/markov_chain/markovchain.tex:37: Package inputenc Error: Unicode character ï¼Œ (U+FF0C)
(inputenc)                not set up for use with LaTeX.

See the inputenc package documentation for explanation.
Type  H <return>  for immediate help.
 ...                                              
                                                  
l.37 ...ã—é«˜ã€…å¯ç®—ã®çŠ¶æ…‹ç©ºé–“ã‚’æŒã¡ï¼Œ
                                                  ã‹ã¤é›¢æ•£çš„ã¨ã„ã†æœ...
You may provide a definition with
\DeclareUnicodeCharacter 


d:/litharge3141.github.io/blog_pdf/markov_chain/markovchain.tex:37: Package inputenc Error: Unicode character ã‹ (U+304B)
(inputenc)                not set up for use with LaTeX.

See the inputenc package documentation for explanation.
Type  H <return>  for immediate help.
 ...                                              
                                                  
l.37 ...é«˜ã€…å¯ç®—ã®çŠ¶æ…‹ç©ºé–“ã‚’æŒã¡ï¼Œã‹
                                                  ã¤é›¢æ•£çš„ã¨ã„ã†æœ€ã‚...
You may provide a definition with
\DeclareUnicodeCharacter 


d:/litharge3141.github.io/blog_pdf/markov_chain/markovchain.tex:37: Package inputenc Error: Unicode character ã¤ (U+3064)
(inputenc)                not set up for use with LaTeX.

See the inputenc package documentation for explanation.
Type  H <return>  for immediate help.
 ...                                              
                                                  
l.37 ...ã€…å¯ç®—ã®çŠ¶æ…‹ç©ºé–“ã‚’æŒã¡ï¼Œã‹ã¤
                                                  é›¢æ•£çš„ã¨ã„ã†æœ€ã‚‚ã‚...
You may provide a definition with
\DeclareUnicodeCharacter 


d:/litharge3141.github.io/blog_pdf/markov_chain/markovchain.tex:37: Package inputenc Error: Unicode character é›¢ (U+96E2)
(inputenc)                not set up for use with LaTeX.

See the inputenc package documentation for explanation.
Type  H <return>  for immediate help.
 ...                                              
                                                  
l.37 ...å¯ç®—ã®çŠ¶æ…‹ç©ºé–“ã‚’æŒã¡ï¼Œã‹ã¤é›¢
                                                  æ•£çš„ã¨ã„ã†æœ€ã‚‚ã‚·ãƒ...
You may provide a definition with
\DeclareUnicodeCharacter 


d:/litharge3141.github.io/blog_pdf/markov_chain/markovchain.tex:37: Package inputenc Error: Unicode character æ•£ (U+6563)
(inputenc)                not set up for use with LaTeX.

See the inputenc package documentation for explanation.
Type  H <return>  for immediate help.
 ...                                              
                                                  
l.37 ...ç®—ã®çŠ¶æ…‹ç©ºé–“ã‚’æŒã¡ï¼Œã‹ã¤é›¢æ•£
                                                  çš„ã¨ã„ã†æœ€ã‚‚ã‚·ãƒ³ãƒ...
You may provide a definition with
\DeclareUnicodeCharacter 


d:/litharge3141.github.io/blog_pdf/markov_chain/markovchain.tex:37: Package inputenc Error: Unicode character çš„ (U+7684)
(inputenc)                not set up for use with LaTeX.

See the inputenc package documentation for explanation.
Type  H <return>  for immediate help.
 ...                                              
                                                  
l.37 ...ã®çŠ¶æ…‹ç©ºé–“ã‚’æŒã¡ï¼Œã‹ã¤é›¢æ•£çš„
                                                  ã¨ã„ã†æœ€ã‚‚ã‚·ãƒ³ãƒ—ãƒ...
You may provide a definition with
\DeclareUnicodeCharacter 


d:/litharge3141.github.io/blog_pdf/markov_chain/markovchain.tex:37: Package inputenc Error: Unicode character ã¨ (U+3068)
(inputenc)                not set up for use with LaTeX.

See the inputenc package documentation for explanation.
Type  H <return>  for immediate help.
 ...                                              
                                                  
l.37 ...çŠ¶æ…‹ç©ºé–“ã‚’æŒã¡ï¼Œã‹ã¤é›¢æ•£çš„ã¨
                                                  ã„ã†æœ€ã‚‚ã‚·ãƒ³ãƒ—ãƒ«ã...
You may provide a definition with
\DeclareUnicodeCharacter 


d:/litharge3141.github.io/blog_pdf/markov_chain/markovchain.tex:37: Package inputenc Error: Unicode character ã„ (U+3044)
(inputenc)                not set up for use with LaTeX.

See the inputenc package documentation for explanation.
Type  H <return>  for immediate help.
 ...                                              
                                                  
l.37 ...æ…‹ç©ºé–“ã‚’æŒã¡ï¼Œã‹ã¤é›¢æ•£çš„ã¨ã„
                                                  ã†æœ€ã‚‚ã‚·ãƒ³ãƒ—ãƒ«ãªå ...
You may provide a definition with
\DeclareUnicodeCharacter 


d:/litharge3141.github.io/blog_pdf/markov_chain/markovchain.tex:37: Package inputenc Error: Unicode character ã† (U+3046)
(inputenc)                not set up for use with LaTeX.

See the inputenc package documentation for explanation.
Type  H <return>  for immediate help.
 ...                                              
                                                  
l.37 ...ç©ºé–“ã‚’æŒã¡ï¼Œã‹ã¤é›¢æ•£çš„ã¨ã„ã†
                                                  æœ€ã‚‚ã‚·ãƒ³ãƒ—ãƒ«ãªå ´å...
You may provide a definition with
\DeclareUnicodeCharacter 


d:/litharge3141.github.io/blog_pdf/markov_chain/markovchain.tex:37: Package inputenc Error: Unicode character æœ€ (U+6700)
(inputenc)                not set up for use with LaTeX.

See the inputenc package documentation for explanation.
Type  H <return>  for immediate help.
 ...                                              
                                                  
l.37 ...é–“ã‚’æŒã¡ï¼Œã‹ã¤é›¢æ•£çš„ã¨ã„ã†æœ€
                                                  ã‚‚ã‚·ãƒ³ãƒ—ãƒ«ãªå ´åˆã‚...
You may provide a definition with
\DeclareUnicodeCharacter 


d:/litharge3141.github.io/blog_pdf/markov_chain/markovchain.tex:37: Package inputenc Error: Unicode character ã‚‚ (U+3082)
(inputenc)                not set up for use with LaTeX.

See the inputenc package documentation for explanation.
Type  H <return>  for immediate help.
 ...                                              
                                                  
l.37 ...ã‚’æŒã¡ï¼Œã‹ã¤é›¢æ•£çš„ã¨ã„ã†æœ€ã‚‚
                                                  ã‚·ãƒ³ãƒ—ãƒ«ãªå ´åˆã‚’é€...
You may provide a definition with
\DeclareUnicodeCharacter 


d:/litharge3141.github.io/blog_pdf/markov_chain/markovchain.tex:37: Package inputenc Error: Unicode character ã‚· (U+30B7)
(inputenc)                not set up for use with LaTeX.

See the inputenc package documentation for explanation.
Type  H <return>  for immediate help.
 ...                                              
                                                  
l.37 ...æŒã¡ï¼Œã‹ã¤é›¢æ•£çš„ã¨ã„ã†æœ€ã‚‚ã‚·
                                                  ãƒ³ãƒ—ãƒ«ãªå ´åˆã‚’é€šã...
You may provide a definition with
\DeclareUnicodeCharacter 


d:/litharge3141.github.io/blog_pdf/markov_chain/markovchain.tex:37: Package inputenc Error: Unicode character ãƒ³ (U+30F3)
(inputenc)                not set up for use with LaTeX.

See the inputenc package documentation for explanation.
Type  H <return>  for immediate help.
 ...                                              
                                                  
l.37 ...ã¡ï¼Œã‹ã¤é›¢æ•£çš„ã¨ã„ã†æœ€ã‚‚ã‚·ãƒ³
                                                  ãƒ—ãƒ«ãªå ´åˆã‚’é€šã—ã...
You may provide a definition with
\DeclareUnicodeCharacter 


d:/litharge3141.github.io/blog_pdf/markov_chain/markovchain.tex:37: Package inputenc Error: Unicode character ãƒ— (U+30D7)
(inputenc)                not set up for use with LaTeX.

See the inputenc package documentation for explanation.
Type  H <return>  for immediate help.
 ...                                              
                                                  
l.37 ...ï¼Œã‹ã¤é›¢æ•£çš„ã¨ã„ã†æœ€ã‚‚ã‚·ãƒ³ãƒ—
                                                  ãƒ«ãªå ´åˆã‚’é€šã—ã¦ï¼Œ
You may provide a definition with
\DeclareUnicodeCharacter 


d:/litharge3141.github.io/blog_pdf/markov_chain/markovchain.tex:37: Package inputenc Error: Unicode character ãƒ« (U+30EB)
(inputenc)                not set up for use with LaTeX.

See the inputenc package documentation for explanation.
Type  H <return>  for immediate help.
 ...                                              
                                                  
l.37 ...ã‹ã¤é›¢æ•£çš„ã¨ã„ã†æœ€ã‚‚ã‚·ãƒ³ãƒ—ãƒ«
                                                  ãªå ´åˆã‚’é€šã—ã¦ï¼Œ
You may provide a definition with
\DeclareUnicodeCharacter 


d:/litharge3141.github.io/blog_pdf/markov_chain/markovchain.tex:37: Package inputenc Error: Unicode character ãª (U+306A)
(inputenc)                not set up for use with LaTeX.

See the inputenc package documentation for explanation.
Type  H <return>  for immediate help.
 ...                                              
                                                  
l.37 ...ã¤é›¢æ•£çš„ã¨ã„ã†æœ€ã‚‚ã‚·ãƒ³ãƒ—ãƒ«ãª
                                                  å ´åˆã‚’é€šã—ã¦ï¼Œ
You may provide a definition with
\DeclareUnicodeCharacter 


d:/litharge3141.github.io/blog_pdf/markov_chain/markovchain.tex:37: Package inputenc Error: Unicode character å ´ (U+5834)
(inputenc)                not set up for use with LaTeX.

See the inputenc package documentation for explanation.
Type  H <return>  for immediate help.
 ...                                              
                                                  
l.37 ...é›¢æ•£çš„ã¨ã„ã†æœ€ã‚‚ã‚·ãƒ³ãƒ—ãƒ«ãªå ´
                                                  åˆã‚’é€šã—ã¦ï¼Œ
You may provide a definition with
\DeclareUnicodeCharacter 


d:/litharge3141.github.io/blog_pdf/markov_chain/markovchain.tex:37: Package inputenc Error: Unicode character åˆ (U+5408)
(inputenc)                not set up for use with LaTeX.

See the inputenc package documentation for explanation.
Type  H <return>  for immediate help.
 ...                                              
                                                  
l.37 ...æ•£çš„ã¨ã„ã†æœ€ã‚‚ã‚·ãƒ³ãƒ—ãƒ«ãªå ´åˆ
                                                  ã‚’é€šã—ã¦ï¼Œ
You may provide a definition with
\DeclareUnicodeCharacter 


d:/litharge3141.github.io/blog_pdf/markov_chain/markovchain.tex:37: Package inputenc Error: Unicode character ã‚’ (U+3092)
(inputenc)                not set up for use with LaTeX.

See the inputenc package documentation for explanation.
Type  H <return>  for immediate help.
 ...                                              
                                                  
l.37 ...çš„ã¨ã„ã†æœ€ã‚‚ã‚·ãƒ³ãƒ—ãƒ«ãªå ´åˆã‚’
                                                  é€šã—ã¦ï¼Œ
You may provide a definition with
\DeclareUnicodeCharacter 


d:/litharge3141.github.io/blog_pdf/markov_chain/markovchain.tex:37: Package inputenc Error: Unicode character é€š (U+901A)
(inputenc)                not set up for use with LaTeX.

See the inputenc package documentation for explanation.
Type  H <return>  for immediate help.
 ...                                              
                                                  
l.37 ...ã¨ã„ã†æœ€ã‚‚ã‚·ãƒ³ãƒ—ãƒ«ãªå ´åˆã‚’é€š
                                                  ã—ã¦ï¼Œ
You may provide a definition with
\DeclareUnicodeCharacter 


d:/litharge3141.github.io/blog_pdf/markov_chain/markovchain.tex:37: Package inputenc Error: Unicode character ã— (U+3057)
(inputenc)                not set up for use with LaTeX.

See the inputenc package documentation for explanation.
Type  H <return>  for immediate help.
 ...                                              
                                                  
l.37 ...ã„ã†æœ€ã‚‚ã‚·ãƒ³ãƒ—ãƒ«ãªå ´åˆã‚’é€šã—
                                                  ã¦ï¼Œ
You may provide a definition with
\DeclareUnicodeCharacter 


d:/litharge3141.github.io/blog_pdf/markov_chain/markovchain.tex:37: Package inputenc Error: Unicode character ã¦ (U+3066)
(inputenc)                not set up for use with LaTeX.

See the inputenc package documentation for explanation.
Type  H <return>  for immediate help.
 ...                                              
                                                  
l.37 ...ã†æœ€ã‚‚ã‚·ãƒ³ãƒ—ãƒ«ãªå ´åˆã‚’é€šã—ã¦
                                                  ï¼Œ
You may provide a definition with
\DeclareUnicodeCharacter 


d:/litharge3141.github.io/blog_pdf/markov_chain/markovchain.tex:37: Package inputenc Error: Unicode character ï¼Œ (U+FF0C)
(inputenc)                not set up for use with LaTeX.

See the inputenc package documentation for explanation.
Type  H <return>  for immediate help.
 ...                                              
                                                  
l.37 ...æœ€ã‚‚ã‚·ãƒ³ãƒ—ãƒ«ãªå ´åˆã‚’é€šã—ã¦ï¼Œ
                                                  
You may provide a definition with
\DeclareUnicodeCharacter 


d:/litharge3141.github.io/blog_pdf/markov_chain/markovchain.tex:38: Package inputenc Error: Unicode character ãƒ (U+30DE)
(inputenc)                not set up for use with LaTeX.

See the inputenc package documentation for explanation.
Type  H <return>  for immediate help.
 ...                                              
                                                  
l.38 ãƒ
        ãƒ«ã‚³ãƒ•éç¨‹ã®æ¦‚å¿µã‚’æ•´ç†ã™ã‚‹ï¼
You may provide a definition with
\DeclareUnicodeCharacter 


d:/litharge3141.github.io/blog_pdf/markov_chain/markovchain.tex:38: Package inputenc Error: Unicode character ãƒ« (U+30EB)
(inputenc)                not set up for use with LaTeX.

See the inputenc package documentation for explanation.
Type  H <return>  for immediate help.
 ...                                              
                                                  
l.38 ãƒãƒ«
           ã‚³ãƒ•éç¨‹ã®æ¦‚å¿µã‚’æ•´ç†ã™ã‚‹ï¼
You may provide a definition with
\DeclareUnicodeCharacter 


d:/litharge3141.github.io/blog_pdf/markov_chain/markovchain.tex:38: Package inputenc Error: Unicode character ã‚³ (U+30B3)
(inputenc)                not set up for use with LaTeX.

See the inputenc package documentation for explanation.
Type  H <return>  for immediate help.
 ...                                              
                                                  
l.38 ãƒãƒ«ã‚³
              ãƒ•éç¨‹ã®æ¦‚å¿µã‚’æ•´ç†ã™ã‚‹ï¼
You may provide a definition with
\DeclareUnicodeCharacter 


d:/litharge3141.github.io/blog_pdf/markov_chain/markovchain.tex:38: Package inputenc Error: Unicode character ãƒ• (U+30D5)
(inputenc)                not set up for use with LaTeX.

See the inputenc package documentation for explanation.
Type  H <return>  for immediate help.
 ...                                              
                                                  
l.38 ãƒãƒ«ã‚³ãƒ•
                 éç¨‹ã®æ¦‚å¿µã‚’æ•´ç†ã™ã‚‹ï¼
You may provide a definition with
\DeclareUnicodeCharacter 


d:/litharge3141.github.io/blog_pdf/markov_chain/markovchain.tex:38: Package inputenc Error: Unicode character é (U+904E)
(inputenc)                not set up for use with LaTeX.

See the inputenc package documentation for explanation.
Type  H <return>  for immediate help.
 ...                                              
                                                  
l.38 ãƒãƒ«ã‚³ãƒ•é
                    ç¨‹ã®æ¦‚å¿µã‚’æ•´ç†ã™ã‚‹ï¼
You may provide a definition with
\DeclareUnicodeCharacter 


d:/litharge3141.github.io/blog_pdf/markov_chain/markovchain.tex:38: Package inputenc Error: Unicode character ç¨‹ (U+7A0B)
(inputenc)                not set up for use with LaTeX.

See the inputenc package documentation for explanation.
Type  H <return>  for immediate help.
 ...                                              
                                                  
l.38 ãƒãƒ«ã‚³ãƒ•éç¨‹
                       ã®æ¦‚å¿µã‚’æ•´ç†ã™ã‚‹ï¼
You may provide a definition with
\DeclareUnicodeCharacter 


d:/litharge3141.github.io/blog_pdf/markov_chain/markovchain.tex:38: Package inputenc Error: Unicode character ã® (U+306E)
(inputenc)                not set up for use with LaTeX.

See the inputenc package documentation for explanation.
Type  H <return>  for immediate help.
 ...                                              
                                                  
l.38 ãƒãƒ«ã‚³ãƒ•éç¨‹ã®
                          æ¦‚å¿µã‚’æ•´ç†ã™ã‚‹ï¼
You may provide a definition with
\DeclareUnicodeCharacter 


d:/litharge3141.github.io/blog_pdf/markov_chain/markovchain.tex:38: Package inputenc Error: Unicode character æ¦‚ (U+6982)
(inputenc)                not set up for use with LaTeX.

See the inputenc package documentation for explanation.
Type  H <return>  for immediate help.
 ...                                              
                                                  
l.38 ãƒãƒ«ã‚³ãƒ•éç¨‹ã®æ¦‚
                             å¿µã‚’æ•´ç†ã™ã‚‹ï¼
You may provide a definition with
\DeclareUnicodeCharacter 


d:/litharge3141.github.io/blog_pdf/markov_chain/markovchain.tex:38: Package inputenc Error: Unicode character å¿µ (U+5FF5)
(inputenc)                not set up for use with LaTeX.

See the inputenc package documentation for explanation.
Type  H <return>  for immediate help.
 ...                                              
                                                  
l.38 ãƒãƒ«ã‚³ãƒ•éç¨‹ã®æ¦‚å¿µ
                                ã‚’æ•´ç†ã™ã‚‹ï¼
You may provide a definition with
\DeclareUnicodeCharacter 


d:/litharge3141.github.io/blog_pdf/markov_chain/markovchain.tex:38: Package inputenc Error: Unicode character ã‚’ (U+3092)
(inputenc)                not set up for use with LaTeX.

See the inputenc package documentation for explanation.
Type  H <return>  for immediate help.
 ...                                              
                                                  
l.38 ãƒãƒ«ã‚³ãƒ•éç¨‹ã®æ¦‚å¿µã‚’
                                   æ•´ç†ã™ã‚‹ï¼
You may provide a definition with
\DeclareUnicodeCharacter 


d:/litharge3141.github.io/blog_pdf/markov_chain/markovchain.tex:38: Package inputenc Error: Unicode character æ•´ (U+6574)
(inputenc)                not set up for use with LaTeX.

See the inputenc package documentation for explanation.
Type  H <return>  for immediate help.
 ...                                              
                                                  
l.38 ãƒãƒ«ã‚³ãƒ•éç¨‹ã®æ¦‚å¿µã‚’æ•´
                                      ç†ã™ã‚‹ï¼
You may provide a definition with
\DeclareUnicodeCharacter 


d:/litharge3141.github.io/blog_pdf/markov_chain/markovchain.tex:38: Package inputenc Error: Unicode character ç† (U+7406)
(inputenc)                not set up for use with LaTeX.

See the inputenc package documentation for explanation.
Type  H <return>  for immediate help.
 ...                                              
                                                  
l.38 ãƒãƒ«ã‚³ãƒ•éç¨‹ã®æ¦‚å¿µã‚’æ•´ç†
                                         ã™ã‚‹ï¼
You may provide a definition with
\DeclareUnicodeCharacter 


d:/litharge3141.github.io/blog_pdf/markov_chain/markovchain.tex:38: Package inputenc Error: Unicode character ã™ (U+3059)
(inputenc)                not set up for use with LaTeX.

See the inputenc package documentation for explanation.
Type  H <return>  for immediate help.
 ...                                              
                                                  
l.38 ãƒãƒ«ã‚³ãƒ•éç¨‹ã®æ¦‚å¿µã‚’æ•´ç†ã™
                                            ã‚‹ï¼
You may provide a definition with
\DeclareUnicodeCharacter 


d:/litharge3141.github.io/blog_pdf/markov_chain/markovchain.tex:38: Package inputenc Error: Unicode character ã‚‹ (U+308B)
(inputenc)                not set up for use with LaTeX.

See the inputenc package documentation for explanation.
Type  H <return>  for immediate help.
 ...                                              
                                                  
l.38 ãƒãƒ«ã‚³ãƒ•éç¨‹ã®æ¦‚å¿µã‚’æ•´ç†ã™ã‚‹
                                               ï¼
You may provide a definition with
\DeclareUnicodeCharacter 


d:/litharge3141.github.io/blog_pdf/markov_chain/markovchain.tex:38: Package inputenc Error: Unicode character ï¼ (U+FF0E)
(inputenc)                not set up for use with LaTeX.

See the inputenc package documentation for explanation.
Type  H <return>  for immediate help.
 ...                                              
                                                  
l.38 ãƒãƒ«ã‚³ãƒ•éç¨‹ã®æ¦‚å¿µã‚’æ•´ç†ã™ã‚‹ï¼
                                                  
You may provide a definition with
\DeclareUnicodeCharacter 

d:/litharge3141.github.io/blog_pdf/markov_chain/markovchain.tex:39: Undefined control sequence.
l.39 \subsection
                {}
The control sequence at the end of the top line
of your error message was never \def'ed. If you have
misspelled it (e.g., `\hobx'), type `I' and the correct
spelling (e.g., `I\hbox'). Otherwise just continue,
and I'll forget about whatever was undefined.

(d:\litharge3141.github.io\blog_pdf\markov_chain/markovchain.aux) ) 
Here is how much of TeX's memory you used:
 2372 strings out of 481239
 33255 string characters out of 5921778
 264994 words of memory out of 5000000
 17663 multiletter control sequences out of 15000+600000
 532338 words of font info for 24 fonts, out of 8000000 for 9000
 1141 hyphenation exceptions out of 8191
 30i,1n,31p,274b,38s stack positions out of 5000i,500n,10000p,200000b,80000s

No pages of output.
PDF statistics:
 0 PDF objects out of 1000 (max. 8388607)
 0 named destinations out of 1000 (max. 500000)
 1 words of extra memory for PDF output out of 10000 (max. 10000000)

